<?xml version="1.0" encoding="UTF-8"?>
<testsuite xmlns:xsi="http://www.w3.org/2001/XMLSchema-instance" xsi:noNamespaceSchemaLocation="https://maven.apache.org/surefire/maven-surefire-plugin/xsd/surefire-test-report-3.0.xsd" version="3.0" name="matrixmodeltest.MatrixSetValueTest" time="0.014" tests="12" errors="0" skipped="0" failures="0">
  <properties>
    <property name="java.specification.version" value="17"/>
    <property name="sun.cpu.isalist" value="amd64"/>
    <property name="sun.jnu.encoding" value="Cp1250"/>
    <property name="java.class.path" value="C:\Users\barci\Desktop\studia\Java labs\cichy.bartlomiej.ex1.final\target\test-classes;C:\Users\barci\Desktop\studia\Java labs\cichy.bartlomiej.ex1.final\target\classes;C:\Users\barci\.m2\repository\junit\junit\4.13.2\junit-4.13.2.jar;C:\Users\barci\.m2\repository\org\hamcrest\hamcrest-core\1.3\hamcrest-core-1.3.jar;C:\Users\barci\.m2\repository\org\junit\jupiter\junit-jupiter-params\5.10.1\junit-jupiter-params-5.10.1.jar;C:\Users\barci\.m2\repository\org\junit\jupiter\junit-jupiter-api\5.10.1\junit-jupiter-api-5.10.1.jar;C:\Users\barci\.m2\repository\org\opentest4j\opentest4j\1.3.0\opentest4j-1.3.0.jar;C:\Users\barci\.m2\repository\org\junit\platform\junit-platform-commons\1.10.1\junit-platform-commons-1.10.1.jar;C:\Users\barci\.m2\repository\org\apiguardian\apiguardian-api\1.1.2\apiguardian-api-1.1.2.jar;"/>
    <property name="java.vm.vendor" value="Oracle Corporation"/>
    <property name="sun.arch.data.model" value="64"/>
    <property name="user.variant" value=""/>
    <property name="java.vendor.url" value="https://java.oracle.com/"/>
    <property name="user.timezone" value="Europe/Warsaw"/>
    <property name="os.name" value="Windows 10"/>
    <property name="java.vm.specification.version" value="17"/>
    <property name="sun.java.launcher" value="SUN_STANDARD"/>
    <property name="user.country" value="PL"/>
    <property name="sun.boot.library.path" value="C:\Program Files\Java\jdk-17\bin"/>
    <property name="sun.java.command" value="C:\Users\barci\AppData\Local\Temp\surefire8524184529947170472\surefirebooter-20231114182720491_3.jar C:\Users\barci\AppData\Local\Temp\surefire8524184529947170472 2023-11-14T18-27-19_830-jvmRun1 surefire-20231114182720491_1tmp surefire_0-20231114182720491_2tmp"/>
    <property name="jdk.debug" value="release"/>
    <property name="surefire.test.class.path" value="C:\Users\barci\Desktop\studia\Java labs\cichy.bartlomiej.ex1.final\target\test-classes;C:\Users\barci\Desktop\studia\Java labs\cichy.bartlomiej.ex1.final\target\classes;C:\Users\barci\.m2\repository\junit\junit\4.13.2\junit-4.13.2.jar;C:\Users\barci\.m2\repository\org\hamcrest\hamcrest-core\1.3\hamcrest-core-1.3.jar;C:\Users\barci\.m2\repository\org\junit\jupiter\junit-jupiter-params\5.10.1\junit-jupiter-params-5.10.1.jar;C:\Users\barci\.m2\repository\org\junit\jupiter\junit-jupiter-api\5.10.1\junit-jupiter-api-5.10.1.jar;C:\Users\barci\.m2\repository\org\opentest4j\opentest4j\1.3.0\opentest4j-1.3.0.jar;C:\Users\barci\.m2\repository\org\junit\platform\junit-platform-commons\1.10.1\junit-platform-commons-1.10.1.jar;C:\Users\barci\.m2\repository\org\apiguardian\apiguardian-api\1.1.2\apiguardian-api-1.1.2.jar;"/>
    <property name="sun.cpu.endian" value="little"/>
    <property name="user.home" value="C:\Users\barci"/>
    <property name="user.language" value="pl"/>
    <property name="java.specification.vendor" value="Oracle Corporation"/>
    <property name="java.version.date" value="2023-04-18"/>
    <property name="java.home" value="C:\Program Files\Java\jdk-17"/>
    <property name="file.separator" value="\"/>
    <property name="basedir" value="C:\Users\barci\Desktop\studia\Java labs\cichy.bartlomiej.ex1.final"/>
    <property name="java.vm.compressedOopsMode" value="Zero based"/>
    <property name="line.separator" value="&#10;"/>
    <property name="java.vm.specification.vendor" value="Oracle Corporation"/>
    <property name="java.specification.name" value="Java Platform API Specification"/>
    <property name="surefire.real.class.path" value="C:\Users\barci\AppData\Local\Temp\surefire8524184529947170472\surefirebooter-20231114182720491_3.jar"/>
    <property name="user.script" value=""/>
    <property name="sun.management.compiler" value="HotSpot 64-Bit Tiered Compilers"/>
    <property name="java.runtime.version" value="17.0.7+8-LTS-224"/>
    <property name="user.name" value="barci"/>
    <property name="path.separator" value=";"/>
    <property name="os.version" value="10.0"/>
    <property name="java.runtime.name" value="Java(TM) SE Runtime Environment"/>
    <property name="file.encoding" value="Cp1250"/>
    <property name="java.vm.name" value="Java HotSpot(TM) 64-Bit Server VM"/>
    <property name="localRepository" value="C:\Users\barci\.m2\repository"/>
    <property name="java.vendor.url.bug" value="https://bugreport.java.com/bugreport/"/>
    <property name="java.io.tmpdir" value="C:\Users\barci\AppData\Local\Temp\"/>
    <property name="idea.version" value="2023.2.3"/>
    <property name="java.version" value="17.0.7"/>
    <property name="user.dir" value="C:\Users\barci\Desktop\studia\Java labs\cichy.bartlomiej.ex1.final"/>
    <property name="os.arch" value="amd64"/>
    <property name="java.vm.specification.name" value="Java Virtual Machine Specification"/>
    <property name="sun.os.patch.level" value=""/>
    <property name="native.encoding" value="Cp1250"/>
    <property name="java.library.path" value="C:\Program Files\Java\jdk-17\bin;C:\Windows\Sun\Java\bin;C:\Windows\system32;C:\Windows;C:\Program Files\Common Files\Oracle\Java\javapath;C:\Python311\Scripts\;C:\Python311\;C:\Program Files\Oculus\Support\oculus-runtime;C:\Windows\system32;C:\Windows;C:\Windows\System32\Wbem;C:\Windows\System32\WindowsPowerShell\v1.0\;C:\Windows\System32\OpenSSH\;C:\Program Files\dotnet\;C:\Program Files\Git\cmd;C:\Program Files\nodejs\;C:\ProgramData\chocolatey\bin;;C:\Program Files\NVIDIA Corporation\NVIDIA NvDLISR;C:\Program Files (x86)\NVIDIA Corporation\PhysX\Common;C:\Program Files\CMake\bin;C:\Program Files\Microsoft SQL Server\150\Tools\Binn\;C:\Users\barci\AppData\Local\Programs\Python\Python310\Scripts\;C:\Users\barci\AppData\Local\Programs\Python\Python310\;C:\Users\barci\AppData\Local\Microsoft\WindowsApps;C:\Users\barci\AppData\Local\Programs\Microsoft VS Code\bin;C:\Users\barci\.dotnet\tools;C:\SFML-2.5.1\bin;C:\Users\barci\AppData\Roaming\npm;C:\Program Files\Ninja\ninja.exe;;C:\Program Files\JetBrains\IntelliJ IDEA Community Edition 2023.2.3\bin;;."/>
    <property name="java.vm.info" value="mixed mode, sharing"/>
    <property name="java.vendor" value="Oracle Corporation"/>
    <property name="java.vm.version" value="17.0.7+8-LTS-224"/>
    <property name="sun.io.unicode.encoding" value="UnicodeLittle"/>
    <property name="java.class.version" value="61.0"/>
  </properties>
  <testcase name="testSetMatrixValueAtPositionDouble(double)[1]" classname="matrixmodeltest.MatrixSetValueTest" time="0"/>
  <testcase name="testSetMatrixValueAtPositionDouble(double)[2]" classname="matrixmodeltest.MatrixSetValueTest" time="0.001"/>
  <testcase name="testSetMatrixValueAtPositionDouble(double)[3]" classname="matrixmodeltest.MatrixSetValueTest" time="0"/>
  <testcase name="testSetMatrixValueAtPositionDouble(double)[4]" classname="matrixmodeltest.MatrixSetValueTest" time="0"/>
  <testcase name="testSetMatrixValueAtPositionDouble(double)[5]" classname="matrixmodeltest.MatrixSetValueTest" time="0"/>
  <testcase name="testSetMatrixValueAtPositionDouble(double)[6]" classname="matrixmodeltest.MatrixSetValueTest" time="0"/>
  <testcase name="testSetMatrixValueAtPositionString(String)[1]" classname="matrixmodeltest.MatrixSetValueTest" time="0"/>
  <testcase name="testSetMatrixValueAtPositionString(String)[2]" classname="matrixmodeltest.MatrixSetValueTest" time="0.001"/>
  <testcase name="testSetMatrixValueAtPositionString(String)[3]" classname="matrixmodeltest.MatrixSetValueTest" time="0.001"/>
  <testcase name="testSetMatrixValueAtPositionString(String)[4]" classname="matrixmodeltest.MatrixSetValueTest" time="0"/>
  <testcase name="testSetMatrixValueAtPositionString(String)[5]" classname="matrixmodeltest.MatrixSetValueTest" time="0"/>
  <testcase name="testSetMatrixValueAtPositionString(String)[6]" classname="matrixmodeltest.MatrixSetValueTest" time="0"/>
</testsuite>